01-20 15:58:25.368 [main] INFO  com.bhzq.marketinfo.App- Starting App on DESKTOP-RO4HVVJ with PID 12768 (D:\ProjectSource\SeMarketinfo\target\classes started by Administrator in D:\ProjectSource\SeMarketinfo)
01-20 15:58:25.370 [main] INFO  com.bhzq.marketinfo.App- No active profile set, falling back to default profiles: default
01-20 15:58:25.370 [main] INFO  org.springframework.core.annotation.AnnotationUtils- Failed to introspect annotations on class com.bhzq.marketinfo.App: java.lang.annotation.AnnotationFormatError: Invalid default: public abstract java.lang.Class tk.mybatis.spring.annotation.MapperScan.factoryBean()
01-20 15:58:25.612 [main] ERROR org.springframework.boot.SpringApplication- Application run failed
java.lang.annotation.AnnotationFormatError: Invalid default: public abstract java.lang.Class tk.mybatis.spring.annotation.MapperScan.factoryBean()
	at java.lang.reflect.Method.getDefaultValue(Method.java:612)
	at sun.reflect.annotation.AnnotationType.<init>(AnnotationType.java:132)
	at sun.reflect.annotation.AnnotationType.getInstance(AnnotationType.java:85)
	at sun.reflect.annotation.AnnotationParser.parseAnnotation2(AnnotationParser.java:266)
	at sun.reflect.annotation.AnnotationParser.parseAnnotations2(AnnotationParser.java:120)
	at sun.reflect.annotation.AnnotationParser.parseAnnotations(AnnotationParser.java:72)
	at java.lang.Class.createAnnotationData(Class.java:3521)
	at java.lang.Class.annotationData(Class.java:3510)
	at java.lang.Class.getAnnotations(Class.java:3446)
	at org.springframework.core.type.StandardAnnotationMetadata.<init>(StandardAnnotationMetadata.java:70)
	at org.springframework.beans.factory.annotation.AnnotatedGenericBeanDefinition.<init>(AnnotatedGenericBeanDefinition.java:58)
	at org.springframework.context.annotation.AnnotatedBeanDefinitionReader.doRegisterBean(AnnotatedBeanDefinitionReader.java:217)
	at org.springframework.context.annotation.AnnotatedBeanDefinitionReader.registerBean(AnnotatedBeanDefinitionReader.java:146)
	at org.springframework.context.annotation.AnnotatedBeanDefinitionReader.register(AnnotatedBeanDefinitionReader.java:136)
	at org.springframework.boot.BeanDefinitionLoader.load(BeanDefinitionLoader.java:156)
	at org.springframework.boot.BeanDefinitionLoader.load(BeanDefinitionLoader.java:135)
	at org.springframework.boot.BeanDefinitionLoader.load(BeanDefinitionLoader.java:127)
	at org.springframework.boot.SpringApplication.load(SpringApplication.java:688)
	at org.springframework.boot.SpringApplication.prepareContext(SpringApplication.java:386)
	at org.springframework.boot.SpringApplication.run(SpringApplication.java:311)
	at org.springframework.boot.SpringApplication.run(SpringApplication.java:1215)
	at org.springframework.boot.SpringApplication.run(SpringApplication.java:1204)
	at com.bhzq.marketinfo.App.main(App.java:13)
01-20 16:05:02.893 [main] INFO  com.bhzq.marketinfo.App- Starting App on DESKTOP-RO4HVVJ with PID 2912 (D:\ProjectSource\SeMarketinfo\target\classes started by Administrator in D:\ProjectSource\SeMarketinfo)
01-20 16:05:02.893 [main] INFO  com.bhzq.marketinfo.App- No active profile set, falling back to default profiles: default
01-20 16:05:02.893 [main] INFO  org.springframework.core.annotation.AnnotationUtils- Failed to introspect annotations on class com.bhzq.marketinfo.App: java.lang.annotation.AnnotationFormatError: Invalid default: public abstract java.lang.Class tk.mybatis.spring.annotation.MapperScan.factoryBean()
01-20 16:05:03.128 [main] ERROR org.springframework.boot.SpringApplication- Application run failed
java.lang.annotation.AnnotationFormatError: Invalid default: public abstract java.lang.Class tk.mybatis.spring.annotation.MapperScan.factoryBean()
	at java.lang.reflect.Method.getDefaultValue(Method.java:612)
	at sun.reflect.annotation.AnnotationType.<init>(AnnotationType.java:132)
	at sun.reflect.annotation.AnnotationType.getInstance(AnnotationType.java:85)
	at sun.reflect.annotation.AnnotationParser.parseAnnotation2(AnnotationParser.java:266)
	at sun.reflect.annotation.AnnotationParser.parseAnnotations2(AnnotationParser.java:120)
	at sun.reflect.annotation.AnnotationParser.parseAnnotations(AnnotationParser.java:72)
	at java.lang.Class.createAnnotationData(Class.java:3521)
	at java.lang.Class.annotationData(Class.java:3510)
	at java.lang.Class.getAnnotations(Class.java:3446)
	at org.springframework.core.type.StandardAnnotationMetadata.<init>(StandardAnnotationMetadata.java:70)
	at org.springframework.beans.factory.annotation.AnnotatedGenericBeanDefinition.<init>(AnnotatedGenericBeanDefinition.java:58)
	at org.springframework.context.annotation.AnnotatedBeanDefinitionReader.doRegisterBean(AnnotatedBeanDefinitionReader.java:217)
	at org.springframework.context.annotation.AnnotatedBeanDefinitionReader.registerBean(AnnotatedBeanDefinitionReader.java:146)
	at org.springframework.context.annotation.AnnotatedBeanDefinitionReader.register(AnnotatedBeanDefinitionReader.java:136)
	at org.springframework.boot.BeanDefinitionLoader.load(BeanDefinitionLoader.java:156)
	at org.springframework.boot.BeanDefinitionLoader.load(BeanDefinitionLoader.java:135)
	at org.springframework.boot.BeanDefinitionLoader.load(BeanDefinitionLoader.java:127)
	at org.springframework.boot.SpringApplication.load(SpringApplication.java:688)
	at org.springframework.boot.SpringApplication.prepareContext(SpringApplication.java:386)
	at org.springframework.boot.SpringApplication.run(SpringApplication.java:311)
	at org.springframework.boot.SpringApplication.run(SpringApplication.java:1215)
	at org.springframework.boot.SpringApplication.run(SpringApplication.java:1204)
	at com.bhzq.marketinfo.App.main(App.java:13)
01-20 16:21:46.207 [main] INFO  com.bhzq.marketinfo.App- Starting App on DESKTOP-RO4HVVJ with PID 13264 (D:\ProjectSource\SeMarketinfo\target\classes started by Administrator in D:\ProjectSource\SeMarketinfo)
01-20 16:21:46.209 [main] INFO  com.bhzq.marketinfo.App- No active profile set, falling back to default profiles: default
01-20 16:21:46.217 [main] INFO  org.springframework.core.annotation.AnnotationUtils- Failed to introspect annotations on class com.bhzq.marketinfo.App: java.lang.annotation.AnnotationFormatError: Invalid default: public abstract java.lang.Class tk.mybatis.spring.annotation.MapperScan.factoryBean()
01-20 16:21:46.489 [main] ERROR org.springframework.boot.SpringApplication- Application run failed
java.lang.annotation.AnnotationFormatError: Invalid default: public abstract java.lang.Class tk.mybatis.spring.annotation.MapperScan.factoryBean()
	at java.lang.reflect.Method.getDefaultValue(Method.java:612)
	at sun.reflect.annotation.AnnotationType.<init>(AnnotationType.java:132)
	at sun.reflect.annotation.AnnotationType.getInstance(AnnotationType.java:85)
	at sun.reflect.annotation.AnnotationParser.parseAnnotation2(AnnotationParser.java:266)
	at sun.reflect.annotation.AnnotationParser.parseAnnotations2(AnnotationParser.java:120)
	at sun.reflect.annotation.AnnotationParser.parseAnnotations(AnnotationParser.java:72)
	at java.lang.Class.createAnnotationData(Class.java:3521)
	at java.lang.Class.annotationData(Class.java:3510)
	at java.lang.Class.getAnnotations(Class.java:3446)
	at org.springframework.core.type.StandardAnnotationMetadata.<init>(StandardAnnotationMetadata.java:70)
	at org.springframework.beans.factory.annotation.AnnotatedGenericBeanDefinition.<init>(AnnotatedGenericBeanDefinition.java:58)
	at org.springframework.context.annotation.AnnotatedBeanDefinitionReader.doRegisterBean(AnnotatedBeanDefinitionReader.java:217)
	at org.springframework.context.annotation.AnnotatedBeanDefinitionReader.registerBean(AnnotatedBeanDefinitionReader.java:146)
	at org.springframework.context.annotation.AnnotatedBeanDefinitionReader.register(AnnotatedBeanDefinitionReader.java:136)
	at org.springframework.boot.BeanDefinitionLoader.load(BeanDefinitionLoader.java:156)
	at org.springframework.boot.BeanDefinitionLoader.load(BeanDefinitionLoader.java:135)
	at org.springframework.boot.BeanDefinitionLoader.load(BeanDefinitionLoader.java:127)
	at org.springframework.boot.SpringApplication.load(SpringApplication.java:688)
	at org.springframework.boot.SpringApplication.prepareContext(SpringApplication.java:386)
	at org.springframework.boot.SpringApplication.run(SpringApplication.java:311)
	at org.springframework.boot.SpringApplication.run(SpringApplication.java:1215)
	at org.springframework.boot.SpringApplication.run(SpringApplication.java:1204)
	at com.bhzq.marketinfo.App.main(App.java:13)
01-20 16:26:21.717 [main] INFO  com.bhzq.marketinfo.App- Starting App on DESKTOP-RO4HVVJ with PID 14472 (D:\ProjectSource\SeMarketinfo\target\classes started by Administrator in D:\ProjectSource\SeMarketinfo)
01-20 16:26:21.733 [main] INFO  com.bhzq.marketinfo.App- No active profile set, falling back to default profiles: default
01-20 16:26:21.733 [main] INFO  org.springframework.core.annotation.AnnotationUtils- Failed to introspect annotations on class com.bhzq.marketinfo.App: java.lang.annotation.AnnotationFormatError: Invalid default: public abstract java.lang.Class tk.mybatis.spring.annotation.MapperScan.factoryBean()
01-20 16:26:21.967 [main] ERROR org.springframework.boot.SpringApplication- Application run failed
java.lang.annotation.AnnotationFormatError: Invalid default: public abstract java.lang.Class tk.mybatis.spring.annotation.MapperScan.factoryBean()
	at java.lang.reflect.Method.getDefaultValue(Method.java:612)
	at sun.reflect.annotation.AnnotationType.<init>(AnnotationType.java:132)
	at sun.reflect.annotation.AnnotationType.getInstance(AnnotationType.java:85)
	at sun.reflect.annotation.AnnotationParser.parseAnnotation2(AnnotationParser.java:266)
	at sun.reflect.annotation.AnnotationParser.parseAnnotations2(AnnotationParser.java:120)
	at sun.reflect.annotation.AnnotationParser.parseAnnotations(AnnotationParser.java:72)
	at java.lang.Class.createAnnotationData(Class.java:3521)
	at java.lang.Class.annotationData(Class.java:3510)
	at java.lang.Class.getAnnotations(Class.java:3446)
	at org.springframework.core.type.StandardAnnotationMetadata.<init>(StandardAnnotationMetadata.java:70)
	at org.springframework.beans.factory.annotation.AnnotatedGenericBeanDefinition.<init>(AnnotatedGenericBeanDefinition.java:58)
	at org.springframework.context.annotation.AnnotatedBeanDefinitionReader.doRegisterBean(AnnotatedBeanDefinitionReader.java:217)
	at org.springframework.context.annotation.AnnotatedBeanDefinitionReader.registerBean(AnnotatedBeanDefinitionReader.java:146)
	at org.springframework.context.annotation.AnnotatedBeanDefinitionReader.register(AnnotatedBeanDefinitionReader.java:136)
	at org.springframework.boot.BeanDefinitionLoader.load(BeanDefinitionLoader.java:156)
	at org.springframework.boot.BeanDefinitionLoader.load(BeanDefinitionLoader.java:135)
	at org.springframework.boot.BeanDefinitionLoader.load(BeanDefinitionLoader.java:127)
	at org.springframework.boot.SpringApplication.load(SpringApplication.java:688)
	at org.springframework.boot.SpringApplication.prepareContext(SpringApplication.java:386)
	at org.springframework.boot.SpringApplication.run(SpringApplication.java:311)
	at org.springframework.boot.SpringApplication.run(SpringApplication.java:1215)
	at org.springframework.boot.SpringApplication.run(SpringApplication.java:1204)
	at com.bhzq.marketinfo.App.main(App.java:13)
01-20 16:37:19.721 [main] INFO  com.bhzq.marketinfo.App- Starting App on DESKTOP-RO4HVVJ with PID 6100 (D:\ProjectSource\SeMarketinfo\target\classes started by Administrator in D:\ProjectSource\SeMarketinfo)
01-20 16:37:19.737 [main] INFO  com.bhzq.marketinfo.App- No active profile set, falling back to default profiles: default
01-20 16:37:19.737 [main] INFO  org.springframework.core.annotation.AnnotationUtils- Failed to introspect annotations on class com.bhzq.marketinfo.App: java.lang.annotation.AnnotationFormatError: Invalid default: public abstract java.lang.Class tk.mybatis.spring.annotation.MapperScan.factoryBean()
01-20 16:37:19.955 [main] ERROR org.springframework.boot.SpringApplication- Application run failed
java.lang.annotation.AnnotationFormatError: Invalid default: public abstract java.lang.Class tk.mybatis.spring.annotation.MapperScan.factoryBean()
	at java.lang.reflect.Method.getDefaultValue(Method.java:612)
	at sun.reflect.annotation.AnnotationType.<init>(AnnotationType.java:132)
	at sun.reflect.annotation.AnnotationType.getInstance(AnnotationType.java:85)
	at sun.reflect.annotation.AnnotationParser.parseAnnotation2(AnnotationParser.java:266)
	at sun.reflect.annotation.AnnotationParser.parseAnnotations2(AnnotationParser.java:120)
	at sun.reflect.annotation.AnnotationParser.parseAnnotations(AnnotationParser.java:72)
	at java.lang.Class.createAnnotationData(Class.java:3521)
	at java.lang.Class.annotationData(Class.java:3510)
	at java.lang.Class.getAnnotations(Class.java:3446)
	at org.springframework.core.type.StandardAnnotationMetadata.<init>(StandardAnnotationMetadata.java:70)
	at org.springframework.beans.factory.annotation.AnnotatedGenericBeanDefinition.<init>(AnnotatedGenericBeanDefinition.java:58)
	at org.springframework.context.annotation.AnnotatedBeanDefinitionReader.doRegisterBean(AnnotatedBeanDefinitionReader.java:217)
	at org.springframework.context.annotation.AnnotatedBeanDefinitionReader.registerBean(AnnotatedBeanDefinitionReader.java:146)
	at org.springframework.context.annotation.AnnotatedBeanDefinitionReader.register(AnnotatedBeanDefinitionReader.java:136)
	at org.springframework.boot.BeanDefinitionLoader.load(BeanDefinitionLoader.java:156)
	at org.springframework.boot.BeanDefinitionLoader.load(BeanDefinitionLoader.java:135)
	at org.springframework.boot.BeanDefinitionLoader.load(BeanDefinitionLoader.java:127)
	at org.springframework.boot.SpringApplication.load(SpringApplication.java:688)
	at org.springframework.boot.SpringApplication.prepareContext(SpringApplication.java:386)
	at org.springframework.boot.SpringApplication.run(SpringApplication.java:311)
	at org.springframework.boot.SpringApplication.run(SpringApplication.java:1215)
	at org.springframework.boot.SpringApplication.run(SpringApplication.java:1204)
	at com.bhzq.marketinfo.App.main(App.java:13)
